2021/07/02 11:33:53:838[INFO][logID]  Request http://localhost:9090/web/login
2021/07/02 11:33:53:877[INFO]  Response=<!DOCTYPE html>
<html xml:lang="en" lang="en">
<head>
    <meta charset="UTF-8">
    <title>Login page</title>
</head>
<body>
    <form action="/web/login" method="post">
        <label for="userName">User name:</label>
        <input type="text" id="userName" name="userName"><br><br>
        <label for="password">Password:</label>
        <input type="password" id="password" name="password"><br><br>
        <input type="submit" value="Submit">
    </form>
</body>
</html>
2021/07/02 11:34:10:492[INFO][logID]  Request http://localhost:9090/web/login Payload=userName=asads&password=1
2021/07/02 11:34:10:493[INFO]  Response=[unknown]
2021/07/02 11:34:10:576[INFO][logID]  Request http://localhost:9090/web/error
2021/07/02 11:34:10:577[INFO]  Response=[unknown]
2021/07/02 11:34:19:326[INFO][logID]  Request http://localhost:9090/web/login
2021/07/02 11:34:19:326[INFO]  Response=<!DOCTYPE html>
<html xml:lang="en" lang="en">
<head>
    <meta charset="UTF-8">
    <title>Login page</title>
</head>
<body>
    <form action="/web/login" method="post">
        <label for="userName">User name:</label>
        <input type="text" id="userName" name="userName"><br><br>
        <label for="password">Password:</label>
        <input type="password" id="password" name="password"><br><br>
        <input type="submit" value="Submit">
    </form>
</body>
</html>
2021/07/02 11:35:08:663[INFO][logID]  Request http://localhost:9090/web/login Payload=userName=1&password=1
2021/07/02 11:35:08:663[INFO]  Response=[unknown]
2021/07/02 11:35:08:686[INFO][logID]  Request http://localhost:9090/web/error/system-error
2021/07/02 11:35:08:686[INFO]  Response=<!DOCTYPE html>
<html lang="en">
<head>
    <meta charset="UTF-8">
    <title>Error</title>
</head>
<body>
    <h1>This site has an error</h1>
</body>
</html>
2021/07/02 12:16:40:865[INFO][logID]  Request http://localhost:9090/web/login
2021/07/02 12:16:40:867[INFO]  Response=<!DOCTYPE html>
<html xml:lang="en" lang="en">
<head>
    <meta charset="UTF-8">
    <title>Login page</title>
</head>
<body>
    <form action="/web/login" method="post">
        <label for="userName">User name:</label>
        <input type="text" id="userName" name="userName"><br><br>
        <label for="password">Password:</label>
        <input type="password" id="password" name="password"><br><br>
        <input type="submit" value="Submit">
    </form>
</body>
</html>
2021/07/02 12:16:49:205[INFO][logID]  Request http://localhost:9090/web/login Payload=userName=1&password=1
2021/07/02 12:16:49:205[INFO]  Response=[unknown]
2021/07/02 12:16:49:450[INFO][logID]  Request http://localhost:9090/web/user/detail Query=user-name=1
2021/07/02 12:16:49:451[INFO]  Response=<!DOCTYPE html>
<html xml:lang="en" lang="en">
<head>
    <meta charset="UTF-8">
    <title>Title</title>
</head>
<body>
    <h1>Welcome hi cuong</h1>
    <p>Phone number: 1</p>
    <p>Email: </p>
</body>
</html>
2021/07/02 12:37:54:424[INFO][logID]  Request http://localhost:9090/web/login
2021/07/02 12:37:54:425[INFO]  Response=<!DOCTYPE html>
<html xml:lang="en" lang="en">
<head>
    <meta charset="UTF-8">
    <title>Login page</title>
</head>
<body>
    <form action="/web/login" method="post">
        <label for="userName">User name:</label>
        <input type="text" id="userName" name="userName"><br><br>
        <label for="password">Password:</label>
        <input type="password" id="password" name="password"><br><br>
        <input type="submit" value="Submit">
    </form>
</body>
</html>
2021/07/02 12:37:57:411[INFO][logID]  Request http://localhost:9090/web/login Payload=userName=1&password=1
2021/07/02 12:37:57:411[INFO]  Response=[unknown]
2021/07/02 12:37:57:436[INFO][logID]  Request http://localhost:9090/web/user/detail Query=user-name=1
2021/07/02 12:37:57:436[INFO]  Response=<!DOCTYPE html>
<html xml:lang="en" lang="en">
<head>
    <meta charset="UTF-8">
    <title>Title</title>
</head>
<body>
    <h1>Welcome hi cuong</h1>
    <p>Phone number: 1</p>
    <p>Email: </p>
</body>
</html>
